-------------------------------------------------------------------------------
Test set: no.uib.inf101.snakeGame.model.TestSnakeModel
-------------------------------------------------------------------------------
Tests run: 9, Failures: 1, Errors: 0, Skipped: 0, Time elapsed: 0.037 s <<< FAILURE! - in no.uib.inf101.snakeGame.model.TestSnakeModel
no.uib.inf101.snakeGame.model.TestSnakeModel.testSnakeCannotReverseFromLeftToRight  Time elapsed: 0.001 s  <<< FAILURE!
org.opentest4j.AssertionFailedError: Snake should not reverse direction from LEFT to RIGHT. ==> expected: not equal but was: <RIGHT>
	at no.uib.inf101.snakeGame.model.TestSnakeModel.testSnakeCannotReverseFromLeftToRight(TestSnakeModel.java:99)

